{"synthetic": false,
 "schemaVersion": "2025-09-10",
 "outputs":
 {"o": ["cd3d91d6dc0fdeeb.olean"],
  "m": false,
  "i": "f2a9ca665e4e36e9.ilean",
  "c": "6dc5a734572557fa.c"},
 "log":
 [{"message":
   ".> LEAN_PATH=/home/landry/aes_lean/.lake/build/lib/lean /home/landry/.elan/toolchains/leanprover--lean4---v4.30.0-rc2/bin/lean /home/landry/aes_lean/AES/Cipher.lean -o /home/landry/aes_lean/.lake/build/lib/lean/AES/Cipher.olean -i /home/landry/aes_lean/.lake/build/lib/lean/AES/Cipher.ilean -c /home/landry/aes_lean/.lake/build/ir/AES/Cipher.c --setup /home/landry/aes_lean/.lake/build/ir/AES/Cipher.setup.json --json",
   "level": "trace"}],
 "inputs":
 [["AES.Cipher:deps",
   [["deps",
     [["aes_lean/AES:extraDep", [["@aes_lean:extraDep", "00000000000006bb"]]],
      ["imports",
       [["AES.Types transitive imports (legacy)", "00000000000006bb"],
        ["AES.Types:importAllArts", "2db01078995f94e0"],
        ["AES.Transforms transitive imports (legacy)", "1b7edef1aab8f302"],
        ["AES.Transforms:importAllArts", "e563c0d489732896"],
        ["AES.KeyExpansion transitive imports (legacy)", "1b7edef1aab8f302"],
        ["AES.KeyExpansion:importAllArts", "3c958db5ca229678"]]]]],
    ["libs",
     [["import dynlibs", "00000000000006bb"],
      ["package external libraries", "00000000000006bb"],
      ["module dynlibs", "00000000000006bb"],
      ["module plugins", "00000000000006bb"]]]]],
  ["Lean 4.30.0, commit 3dc1a088b6d2d8eafe25a7cd7ec7b58d731bd7cc",
   "2c8d2623007dfc36"],
  ["/home/landry/aes_lean/AES/Cipher.lean", "df09b1d3b86a91c5"],
  ["options", [["-DautoImplicit=false", "4a85acb881fd49d0"]]],
  ["isModule: false", "feefd2a0d3a1847e"],
  ["Module.name: AES.Cipher", "bdd020e7eece0a7a"],
  ["Package.id?: (some aes_lean)", "ce6142766c141aac"],
  ["Module.leanArgs: #[]", "00000000000006bb"]],
 "depHash": "f482110b900696ec"}