{"synthetic": false,
 "schemaVersion": "2025-09-10",
 "outputs":
 {"o": ["bdc565a3dab61f49.olean"],
  "m": false,
  "i": "2ad07f8789b65734.ilean",
  "c": "9042a474a39fb197.c"},
 "log":
 [{"message":
   ".> LEAN_PATH=/home/landry/aes_lean/.lake/build/lib/lean /home/landry/.elan/toolchains/leanprover--lean4---v4.30.0-rc2/bin/lean /home/landry/aes_lean/AES/KeyExpansion.lean -o /home/landry/aes_lean/.lake/build/lib/lean/AES/KeyExpansion.olean -i /home/landry/aes_lean/.lake/build/lib/lean/AES/KeyExpansion.ilean -c /home/landry/aes_lean/.lake/build/ir/AES/KeyExpansion.c --setup /home/landry/aes_lean/.lake/build/ir/AES/KeyExpansion.setup.json --json",
   "level": "trace"}],
 "inputs":
 [["AES.KeyExpansion:deps",
   [["deps",
     [["aes_lean/AES:extraDep", [["@aes_lean:extraDep", "00000000000006bb"]]],
      ["imports",
       [["AES.Types transitive imports (legacy)", "00000000000006bb"],
        ["AES.Types:importAllArts", "2db01078995f94e0"],
        ["AES.SBox transitive imports (legacy)", "3b7e3686fca57e73"],
        ["AES.SBox:importAllArts", "cea8e739b97add27"]]]]],
    ["libs",
     [["import dynlibs", "00000000000006bb"],
      ["package external libraries", "00000000000006bb"],
      ["module dynlibs", "00000000000006bb"],
      ["module plugins", "00000000000006bb"]]]]],
  ["Lean 4.30.0, commit 3dc1a088b6d2d8eafe25a7cd7ec7b58d731bd7cc",
   "2c8d2623007dfc36"],
  ["/home/landry/aes_lean/AES/KeyExpansion.lean", "f5b2fa6b090b472b"],
  ["options", [["-DautoImplicit=false", "4a85acb881fd49d0"]]],
  ["isModule: false", "feefd2a0d3a1847e"],
  ["Module.name: AES.KeyExpansion", "b8f15be2486c7aab"],
  ["Package.id?: (some aes_lean)", "ce6142766c141aac"],
  ["Module.leanArgs: #[]", "00000000000006bb"]],
 "depHash": "dccfc1040558d4fe"}