{"synthetic": false,
 "schemaVersion": "2025-09-10",
 "outputs":
 {"o": ["85510cb8dbdedf97.olean"],
  "m": false,
  "i": "a033670b9cbd7ff8.ilean",
  "c": "6eab1159f0106242.c"},
 "log":
 [{"message":
   ".> LEAN_PATH=/home/landry/aes_lean/.lake/build/lib/lean /home/landry/.elan/toolchains/leanprover--lean4---v4.30.0-rc2/bin/lean /home/landry/aes_lean/AES/SBox.lean -o /home/landry/aes_lean/.lake/build/lib/lean/AES/SBox.olean -i /home/landry/aes_lean/.lake/build/lib/lean/AES/SBox.ilean -c /home/landry/aes_lean/.lake/build/ir/AES/SBox.c --setup /home/landry/aes_lean/.lake/build/ir/AES/SBox.setup.json --json",
   "level": "trace"}],
 "inputs":
 [["AES.SBox:deps",
   [["deps",
     [["aes_lean/AES:extraDep", [["@aes_lean:extraDep", "00000000000006bb"]]],
      ["imports",
       [["AES.Types transitive imports (legacy)", "00000000000006bb"],
        ["AES.Types:importAllArts", "2db01078995f94e0"]]]]],
    ["libs",
     [["import dynlibs", "00000000000006bb"],
      ["package external libraries", "00000000000006bb"],
      ["module dynlibs", "00000000000006bb"],
      ["module plugins", "00000000000006bb"]]]]],
  ["Lean 4.30.0, commit 3dc1a088b6d2d8eafe25a7cd7ec7b58d731bd7cc",
   "2c8d2623007dfc36"],
  ["/home/landry/aes_lean/AES/SBox.lean", "118d4f9e00a01156"],
  ["options", [["-DautoImplicit=false", "4a85acb881fd49d0"]]],
  ["isModule: false", "feefd2a0d3a1847e"],
  ["Module.name: AES.SBox", "28e18b14ad0ebcee"],
  ["Package.id?: (some aes_lean)", "ce6142766c141aac"],
  ["Module.leanArgs: #[]", "00000000000006bb"]],
 "depHash": "4070f69302c60294"}