{"synthetic": false,
 "schemaVersion": "2025-09-10",
 "outputs":
 {"o": ["a27d120832f2356f.olean"],
  "m": false,
  "i": "217536dcf444fb4b.ilean",
  "c": "130c15d9e2430155.c"},
 "log":
 [{"message":
   ".> LEAN_PATH=/home/landry/aes_lean/.lake/build/lib/lean /home/landry/.elan/toolchains/leanprover--lean4---v4.30.0-rc2/bin/lean /home/landry/aes_lean/AES/Transforms.lean -o /home/landry/aes_lean/.lake/build/lib/lean/AES/Transforms.olean -i /home/landry/aes_lean/.lake/build/lib/lean/AES/Transforms.ilean -c /home/landry/aes_lean/.lake/build/ir/AES/Transforms.c --setup /home/landry/aes_lean/.lake/build/ir/AES/Transforms.setup.json --json",
   "level": "trace"}],
 "inputs":
 [["AES.Transforms:deps",
   [["deps",
     [["aes_lean/AES:extraDep", [["@aes_lean:extraDep", "00000000000006bb"]]],
      ["imports",
       [["AES.Types transitive imports (legacy)", "00000000000006bb"],
        ["AES.Types:importAllArts", "2db01078995f94e0"],
        ["AES.SBox transitive imports (legacy)", "3b7e3686fca57e73"],
        ["AES.SBox:importAllArts", "9a8e67140bd6d595"]]]]],
    ["libs",
     [["import dynlibs", "00000000000006bb"],
      ["package external libraries", "00000000000006bb"],
      ["module dynlibs", "00000000000006bb"],
      ["module plugins", "00000000000006bb"]]]]],
  ["Lean 4.30.0, commit 3dc1a088b6d2d8eafe25a7cd7ec7b58d731bd7cc",
   "2c8d2623007dfc36"],
  ["/home/landry/aes_lean/AES/Transforms.lean", "520d810532bf3c2a"],
  ["options", [["-DautoImplicit=false", "4a85acb881fd49d0"]]],
  ["isModule: false", "feefd2a0d3a1847e"],
  ["Module.name: AES.Transforms", "e3eab6153328d799"],
  ["Package.id?: (some aes_lean)", "ce6142766c141aac"],
  ["Module.leanArgs: #[]", "00000000000006bb"]],
 "depHash": "81aa76a603b5f1ea"}