{"synthetic": false,
 "schemaVersion": "2025-09-10",
 "outputs":
 {"o": ["d5f11c4d42a5d5ac.olean"],
  "m": false,
  "i": "95e97322b95053cc.ilean",
  "c": "409f296c25dd33eb.c"},
 "log":
 [{"message":
   ".> LEAN_PATH=/home/landry/aes_lean/.lake/build/lib/lean /home/landry/.elan/toolchains/leanprover--lean4---v4.30.0-rc2/bin/lean /home/landry/aes_lean/AES/Types.lean -o /home/landry/aes_lean/.lake/build/lib/lean/AES/Types.olean -i /home/landry/aes_lean/.lake/build/lib/lean/AES/Types.ilean -c /home/landry/aes_lean/.lake/build/ir/AES/Types.c --setup /home/landry/aes_lean/.lake/build/ir/AES/Types.setup.json --json",
   "level": "trace"}],
 "inputs":
 [["AES.Types:deps",
   [["deps",
     [["aes_lean/AES:extraDep", [["@aes_lean:extraDep", "00000000000006bb"]]],
      ["imports", "00000000000006bb"]]],
    ["libs",
     [["import dynlibs", "00000000000006bb"],
      ["package external libraries", "00000000000006bb"],
      ["module dynlibs", "00000000000006bb"],
      ["module plugins", "00000000000006bb"]]]]],
  ["Lean 4.30.0, commit 3dc1a088b6d2d8eafe25a7cd7ec7b58d731bd7cc",
   "2c8d2623007dfc36"],
  ["/home/landry/aes_lean/AES/Types.lean", "2d2c280c82559145"],
  ["options", [["-DautoImplicit=false", "4a85acb881fd49d0"]]],
  ["isModule: false", "feefd2a0d3a1847e"],
  ["Module.name: AES.Types", "a8b05ff88387a204"],
  ["Package.id?: (some aes_lean)", "ce6142766c141aac"],
  ["Module.leanArgs: #[]", "00000000000006bb"]],
 "depHash": "69400d52a339f156"}