{"synthetic": false,
 "schemaVersion": "2025-09-10",
 "outputs":
 {"o": ["7e86d0fd2ac88a42.olean"],
  "m": false,
  "i": "42a78e316084de58.ilean",
  "c": "bf69965e41e07675.c"},
 "log":
 [{"message":
   ".> LEAN_PATH=/home/landry/aes_lean/.lake/build/lib/lean /home/landry/.elan/toolchains/leanprover--lean4---v4.30.0-rc2/bin/lean /home/landry/aes_lean/Main.lean -o /home/landry/aes_lean/.lake/build/lib/lean/Main.olean -i /home/landry/aes_lean/.lake/build/lib/lean/Main.ilean -c /home/landry/aes_lean/.lake/build/ir/Main.c --setup /home/landry/aes_lean/.lake/build/ir/Main.setup.json --json",
   "level": "trace"}],
 "inputs":
 [["Main:deps",
   [["deps",
     [["aes_lean/aes_main:extraDep",
       [["@aes_lean:extraDep", "00000000000006bb"]]],
      ["imports",
       [["AES.Cipher transitive imports (legacy)", "f7fb4f07fef71268"],
        ["AES.Cipher:importAllArts", "1ad04be0d5fd8352"]]]]],
    ["libs",
     [["import dynlibs", "00000000000006bb"],
      ["package external libraries", "00000000000006bb"],
      ["module dynlibs", "00000000000006bb"],
      ["module plugins", "00000000000006bb"]]]]],
  ["Lean 4.30.0, commit 3dc1a088b6d2d8eafe25a7cd7ec7b58d731bd7cc",
   "2c8d2623007dfc36"],
  ["/home/landry/aes_lean/Main.lean", "15edafc6de7ebdf8"],
  ["options", [["-DautoImplicit=false", "4a85acb881fd49d0"]]],
  ["isModule: false", "feefd2a0d3a1847e"],
  ["Module.name: Main", "f2a1fd945cf30c62"],
  ["Package.id?: (some aes_lean)", "ce6142766c141aac"],
  ["Module.leanArgs: #[]", "00000000000006bb"]],
 "depHash": "95ba0755ae7d2540"}