{"synthetic": false,
 "schemaVersion": "2025-09-10",
 "outputs": "276c8fc0aaf941d4",
 "log":
 [{"message":
   ".> /home/landry/.elan/toolchains/leanprover--lean4---v4.30.0-rc2/bin/clang -o /home/landry/aes_lean/.lake/build/bin/aes_main @/home/landry/aes_lean/.lake/build/bin/aes_main.rsp",
   "level": "trace"}],
 "inputs":
 [["linkObjs",
   [["/home/landry/aes_lean/.lake/build/ir/Main.c.o.export",
     "bc8e257220b70390"],
    ["/home/landry/aes_lean/.lake/build/ir/AES/Types.c.o.export",
     "12e7824db8dc0cda"],
    ["/home/landry/aes_lean/.lake/build/ir/AES/SBox.c.o.export",
     "2973bbadf853d864"],
    ["/home/landry/aes_lean/.lake/build/ir/AES/Transforms.c.o.export",
     "225cec3744f0ce02"],
    ["/home/landry/aes_lean/.lake/build/ir/AES/KeyExpansion.c.o.export",
     "b1443379dd07e756"],
    ["/home/landry/aes_lean/.lake/build/ir/AES/Cipher.c.o.export",
     "367b0371a64acc80"]]],
  ["linkLibs", "00000000000006bb"],
  ["Lean 4.30.0, commit 3dc1a088b6d2d8eafe25a7cd7ec7b58d731bd7cc",
   "2c8d2623007dfc36"],
  ["traceArgs: #[]", "00000000000006bb"],
  ["x86_64-unknown-linux-gnu", "53a0e8937c307c28"]],
 "depHash": "e580b18635d51b6e"}